[2m10:04:38 pm[22m [31m[1m[vite][22m[39m [31mInternal server error: [postcss] C:/Users/LENOVO/Downloads/Portfolio/src/styles.css:44:5: The `border-white/12` class does not exist. If `border-white/12` is a custom class, make sure it is defined within a `@layer` directive.[39m
  Plugin: [35mvite:css[39m
  File: [36mC:/Users/LENOVO/Downloads/Portfolio/src/styles.css[39m:44:4
[33m  42 |  
  43 |    .button-secondary {
  44 |      @apply inline-flex items-center justify-center gap-2 rounded-full border border-white/12 bg-white/[0.055] px-5 py...
     |      ^
  45 |    }
  46 |  [39m
      at Input.error (C:\Users\LENOVO\Downloads\Portfolio\node_modules\postcss\lib\input.js:135:16)
      at AtRule.error (C:\Users\LENOVO\Downloads\Portfolio\node_modules\postcss\lib\node.js:146:32)
      at processApply (C:\Users\LENOVO\Downloads\Portfolio\node_modules\tailwindcss\lib\lib\expandApplyAtRules.js:380:29)
      at C:\Users\LENOVO\Downloads\Portfolio\node_modules\tailwindcss\lib\lib\expandApplyAtRules.js:551:9
      at C:\Users\LENOVO\Downloads\Portfolio\node_modules\tailwindcss\lib\processTailwindFeatures.js:55:50
      at async plugins (C:\Users\LENOVO\Downloads\Portfolio\node_modules\tailwindcss\lib\plugin.js:38:17)
      at async LazyResult.runAsync (C:\Users\LENOVO\Downloads\Portfolio\node_modules\postcss\lib\lazy-result.js:293:11)
      at async runPostCSS (file:///C:/Users/LENOVO/Downloads/Portfolio/node_modules/vite/dist/node/chunks/config.js:30149:19)
      at async compilePostCSS (file:///C:/Users/LENOVO/Downloads/Portfolio/node_modules/vite/dist/node/chunks/config.js:30133:6)
      at async compileCSS (file:///C:/Users/LENOVO/Downloads/Portfolio/node_modules/vite/dist/node/chunks/config.js:30063:26)
      at async TransformPluginContext.handler (file:///C:/Users/LENOVO/Downloads/Portfolio/node_modules/vite/dist/node/chunks/config.js:29596:54)
      at async EnvironmentPluginContainer.transform (file:///C:/Users/LENOVO/Downloads/Portfolio/node_modules/vite/dist/node/chunks/config.js:28801:14)
      at async loadAndTransform (file:///C:/Users/LENOVO/Downloads/Portfolio/node_modules/vite/dist/node/chunks/config.js:22670:26)
      at async viteTransformMiddleware (file:///C:/Users/LENOVO/Downloads/Portfolio/node_modules/vite/dist/node/chunks/config.js:24546:20)
[2m10:04:39 pm[22m [31m[1m[vite][22m[39m [31mInternal server error: [postcss] C:/Users/LENOVO/Downloads/Portfolio/src/styles.css:44:5: The `border-white/12` class does not exist. If `border-white/12` is a custom class, make sure it is defined within a `@layer` directive.[39m
  Plugin: [35mvite:css[39m
  File: [36mC:/Users/LENOVO/Downloads/Portfolio/src/styles.css[39m:44:4
[33m  42 |  
  43 |    .button-secondary {
  44 |      @apply inline-flex items-center justify-center gap-2 rounded-full border border-white/12 bg-white/[0.055] px-5 py...
     |      ^
  45 |    }
  46 |  [39m
      at Input.error (C:\Users\LENOVO\Downloads\Portfolio\node_modules\postcss\lib\input.js:135:16)
      at AtRule.error (C:\Users\LENOVO\Downloads\Portfolio\node_modules\postcss\lib\node.js:146:32)
      at processApply (C:\Users\LENOVO\Downloads\Portfolio\node_modules\tailwindcss\lib\lib\expandApplyAtRules.js:380:29)
      at C:\Users\LENOVO\Downloads\Portfolio\node_modules\tailwindcss\lib\lib\expandApplyAtRules.js:551:9
      at C:\Users\LENOVO\Downloads\Portfolio\node_modules\tailwindcss\lib\processTailwindFeatures.js:55:50
      at async plugins (C:\Users\LENOVO\Downloads\Portfolio\node_modules\tailwindcss\lib\plugin.js:38:17)
      at async LazyResult.runAsync (C:\Users\LENOVO\Downloads\Portfolio\node_modules\postcss\lib\lazy-result.js:293:11)
      at async runPostCSS (file:///C:/Users/LENOVO/Downloads/Portfolio/node_modules/vite/dist/node/chunks/config.js:30149:19)
      at async compilePostCSS (file:///C:/Users/LENOVO/Downloads/Portfolio/node_modules/vite/dist/node/chunks/config.js:30133:6)
      at async compileCSS (file:///C:/Users/LENOVO/Downloads/Portfolio/node_modules/vite/dist/node/chunks/config.js:30063:26)
      at async TransformPluginContext.handler (file:///C:/Users/LENOVO/Downloads/Portfolio/node_modules/vite/dist/node/chunks/config.js:29596:54)
      at async EnvironmentPluginContainer.transform (file:///C:/Users/LENOVO/Downloads/Portfolio/node_modules/vite/dist/node/chunks/config.js:28801:14)
      at async loadAndTransform (file:///C:/Users/LENOVO/Downloads/Portfolio/node_modules/vite/dist/node/chunks/config.js:22670:26)
      at async viteTransformMiddleware (file:///C:/Users/LENOVO/Downloads/Portfolio/node_modules/vite/dist/node/chunks/config.js:24546:20)
[2m10:04:39 pm[22m [31m[1m[vite][22m[39m [31mInternal server error: Failed to resolve import "./components/FeatureCarousel3D.jsx" from "src/App.jsx". Does the file exist?[39m
  Plugin: [35mvite:import-analysis[39m
  File: [36mC:/Users/LENOVO/Downloads/Portfolio/src/App.jsx[39m:6:30
[33m  5  |  import Hero from "./components/Hero.jsx";
  6  |  import About from "./components/About.jsx";
  7  |  import FeatureCarousel3D from "./components/FeatureCarousel3D.jsx";
     |                                 ^
  8  |  import Projects from "./components/Projects.jsx";
  9  |  import Skills from "./components/Skills.jsx";[39m
      at TransformPluginContext._formatLog (file:///C:/Users/LENOVO/Downloads/Portfolio/node_modules/vite/dist/node/chunks/config.js:29003:43)
      at TransformPluginContext.error (file:///C:/Users/LENOVO/Downloads/Portfolio/node_modules/vite/dist/node/chunks/config.js:29000:14)
      at normalizeUrl (file:///C:/Users/LENOVO/Downloads/Portfolio/node_modules/vite/dist/node/chunks/config.js:27123:18)
      at process.processTicksAndRejections (node:internal/process/task_queues:105:5)
      at async file:///C:/Users/LENOVO/Downloads/Portfolio/node_modules/vite/dist/node/chunks/config.js:27181:32
      at async Promise.all (index 6)
      at async TransformPluginContext.transform (file:///C:/Users/LENOVO/Downloads/Portfolio/node_modules/vite/dist/node/chunks/config.js:27149:4)
      at async EnvironmentPluginContainer.transform (file:///C:/Users/LENOVO/Downloads/Portfolio/node_modules/vite/dist/node/chunks/config.js:28801:14)
      at async loadAndTransform (file:///C:/Users/LENOVO/Downloads/Portfolio/node_modules/vite/dist/node/chunks/config.js:22670:26)
      at async viteTransformMiddleware (file:///C:/Users/LENOVO/Downloads/Portfolio/node_modules/vite/dist/node/chunks/config.js:24546:20)
[2m10:04:43 pm[22m [31m[1m[vite][22m[39m [31mInternal server error: [postcss] C:/Users/LENOVO/Downloads/Portfolio/src/styles.css:44:5: The `border-white/12` class does not exist. If `border-white/12` is a custom class, make sure it is defined within a `@layer` directive.[39m
  Plugin: [35mvite:css[39m
  File: [36mC:/Users/LENOVO/Downloads/Portfolio/src/styles.css[39m:44:4
[33m  42 |  
  43 |    .button-secondary {
  44 |      @apply inline-flex items-center justify-center gap-2 rounded-full border border-white/12 bg-white/[0.055] px-5 py...
     |      ^
  45 |    }
  46 |  [39m
      at Input.error (C:\Users\LENOVO\Downloads\Portfolio\node_modules\postcss\lib\input.js:135:16)
      at AtRule.error (C:\Users\LENOVO\Downloads\Portfolio\node_modules\postcss\lib\node.js:146:32)
      at processApply (C:\Users\LENOVO\Downloads\Portfolio\node_modules\tailwindcss\lib\lib\expandApplyAtRules.js:380:29)
      at C:\Users\LENOVO\Downloads\Portfolio\node_modules\tailwindcss\lib\lib\expandApplyAtRules.js:551:9
      at C:\Users\LENOVO\Downloads\Portfolio\node_modules\tailwindcss\lib\processTailwindFeatures.js:55:50
      at async plugins (C:\Users\LENOVO\Downloads\Portfolio\node_modules\tailwindcss\lib\plugin.js:38:17)
      at async LazyResult.runAsync (C:\Users\LENOVO\Downloads\Portfolio\node_modules\postcss\lib\lazy-result.js:293:11)
      at async runPostCSS (file:///C:/Users/LENOVO/Downloads/Portfolio/node_modules/vite/dist/node/chunks/config.js:30149:19)
      at async compilePostCSS (file:///C:/Users/LENOVO/Downloads/Portfolio/node_modules/vite/dist/node/chunks/config.js:30133:6)
      at async compileCSS (file:///C:/Users/LENOVO/Downloads/Portfolio/node_modules/vite/dist/node/chunks/config.js:30063:26)
      at async TransformPluginContext.handler (file:///C:/Users/LENOVO/Downloads/Portfolio/node_modules/vite/dist/node/chunks/config.js:29596:54)
      at async EnvironmentPluginContainer.transform (file:///C:/Users/LENOVO/Downloads/Portfolio/node_modules/vite/dist/node/chunks/config.js:28801:14)
      at async loadAndTransform (file:///C:/Users/LENOVO/Downloads/Portfolio/node_modules/vite/dist/node/chunks/config.js:22670:26)
      at async viteTransformMiddleware (file:///C:/Users/LENOVO/Downloads/Portfolio/node_modules/vite/dist/node/chunks/config.js:24546:20)
[2m10:05:14 pm[22m [31m[1m[vite][22m[39m [31mInternal server error: [postcss] C:/Users/LENOVO/Downloads/Portfolio/src/styles.css:44:5: The `border-white/12` class does not exist. If `border-white/12` is a custom class, make sure it is defined within a `@layer` directive.[39m
  Plugin: [35mvite:css[39m
  File: [36mC:/Users/LENOVO/Downloads/Portfolio/src/styles.css[39m:44:4
[33m  42 |  
  43 |    .button-secondary {
  44 |      @apply inline-flex items-center justify-center gap-2 rounded-full border border-white/12 bg-white/[0.055] px-5 py...
     |      ^
  45 |    }
  46 |  [39m
      at Input.error (C:\Users\LENOVO\Downloads\Portfolio\node_modules\postcss\lib\input.js:135:16)
      at AtRule.error (C:\Users\LENOVO\Downloads\Portfolio\node_modules\postcss\lib\node.js:146:32)
      at processApply (C:\Users\LENOVO\Downloads\Portfolio\node_modules\tailwindcss\lib\lib\expandApplyAtRules.js:380:29)
      at C:\Users\LENOVO\Downloads\Portfolio\node_modules\tailwindcss\lib\lib\expandApplyAtRules.js:551:9
      at C:\Users\LENOVO\Downloads\Portfolio\node_modules\tailwindcss\lib\processTailwindFeatures.js:55:50
      at async plugins (C:\Users\LENOVO\Downloads\Portfolio\node_modules\tailwindcss\lib\plugin.js:38:17)
      at async LazyResult.runAsync (C:\Users\LENOVO\Downloads\Portfolio\node_modules\postcss\lib\lazy-result.js:293:11)
      at async runPostCSS (file:///C:/Users/LENOVO/Downloads/Portfolio/node_modules/vite/dist/node/chunks/config.js:30149:19)
      at async compilePostCSS (file:///C:/Users/LENOVO/Downloads/Portfolio/node_modules/vite/dist/node/chunks/config.js:30133:6)
      at async compileCSS (file:///C:/Users/LENOVO/Downloads/Portfolio/node_modules/vite/dist/node/chunks/config.js:30063:26)
      at async TransformPluginContext.handler (file:///C:/Users/LENOVO/Downloads/Portfolio/node_modules/vite/dist/node/chunks/config.js:29596:54)
      at async EnvironmentPluginContainer.transform (file:///C:/Users/LENOVO/Downloads/Portfolio/node_modules/vite/dist/node/chunks/config.js:28801:14)
      at async loadAndTransform (file:///C:/Users/LENOVO/Downloads/Portfolio/node_modules/vite/dist/node/chunks/config.js:22670:26)
      at async viteTransformMiddleware (file:///C:/Users/LENOVO/Downloads/Portfolio/node_modules/vite/dist/node/chunks/config.js:24546:20)
[2m10:05:14 pm[22m [31m[1m[vite][22m[39m [31mInternal server error: [postcss] C:/Users/LENOVO/Downloads/Portfolio/src/styles.css:44:5: The `border-white/12` class does not exist. If `border-white/12` is a custom class, make sure it is defined within a `@layer` directive.[39m
  Plugin: [35mvite:css[39m
  File: [36mC:/Users/LENOVO/Downloads/Portfolio/src/styles.css[39m:44:4
[33m  42 |  
  43 |    .button-secondary {
  44 |      @apply inline-flex items-center justify-center gap-2 rounded-full border border-white/12 bg-white/[0.055] px-5 py...
     |      ^
  45 |    }
  46 |  [39m
      at Input.error (C:\Users\LENOVO\Downloads\Portfolio\node_modules\postcss\lib\input.js:135:16)
      at AtRule.error (C:\Users\LENOVO\Downloads\Portfolio\node_modules\postcss\lib\node.js:146:32)
      at processApply (C:\Users\LENOVO\Downloads\Portfolio\node_modules\tailwindcss\lib\lib\expandApplyAtRules.js:380:29)
      at C:\Users\LENOVO\Downloads\Portfolio\node_modules\tailwindcss\lib\lib\expandApplyAtRules.js:551:9
      at C:\Users\LENOVO\Downloads\Portfolio\node_modules\tailwindcss\lib\processTailwindFeatures.js:55:50
      at async plugins (C:\Users\LENOVO\Downloads\Portfolio\node_modules\tailwindcss\lib\plugin.js:38:17)
      at async LazyResult.runAsync (C:\Users\LENOVO\Downloads\Portfolio\node_modules\postcss\lib\lazy-result.js:293:11)
      at async runPostCSS (file:///C:/Users/LENOVO/Downloads/Portfolio/node_modules/vite/dist/node/chunks/config.js:30149:19)
      at async compilePostCSS (file:///C:/Users/LENOVO/Downloads/Portfolio/node_modules/vite/dist/node/chunks/config.js:30133:6)
      at async compileCSS (file:///C:/Users/LENOVO/Downloads/Portfolio/node_modules/vite/dist/node/chunks/config.js:30063:26)
      at async TransformPluginContext.handler (file:///C:/Users/LENOVO/Downloads/Portfolio/node_modules/vite/dist/node/chunks/config.js:29596:54)
      at async EnvironmentPluginContainer.transform (file:///C:/Users/LENOVO/Downloads/Portfolio/node_modules/vite/dist/node/chunks/config.js:28801:14)
      at async loadAndTransform (file:///C:/Users/LENOVO/Downloads/Portfolio/node_modules/vite/dist/node/chunks/config.js:22670:26)
      at async viteTransformMiddleware (file:///C:/Users/LENOVO/Downloads/Portfolio/node_modules/vite/dist/node/chunks/config.js:24546:20)
[2m10:05:14 pm[22m [31m[1m[vite][22m[39m [31mInternal server error: [postcss] C:/Users/LENOVO/Downloads/Portfolio/src/styles.css:44:5: The `border-white/12` class does not exist. If `border-white/12` is a custom class, make sure it is defined within a `@layer` directive.[39m
  Plugin: [35mvite:css[39m
  File: [36mC:/Users/LENOVO/Downloads/Portfolio/src/styles.css[39m:44:4
[33m  42 |  
  43 |    .button-secondary {
  44 |      @apply inline-flex items-center justify-center gap-2 rounded-full border border-white/12 bg-white/[0.055] px-5 py...
     |      ^
  45 |    }
  46 |  [39m
      at Input.error (C:\Users\LENOVO\Downloads\Portfolio\node_modules\postcss\lib\input.js:135:16)
      at AtRule.error (C:\Users\LENOVO\Downloads\Portfolio\node_modules\postcss\lib\node.js:146:32)
      at processApply (C:\Users\LENOVO\Downloads\Portfolio\node_modules\tailwindcss\lib\lib\expandApplyAtRules.js:380:29)
      at C:\Users\LENOVO\Downloads\Portfolio\node_modules\tailwindcss\lib\lib\expandApplyAtRules.js:551:9
      at C:\Users\LENOVO\Downloads\Portfolio\node_modules\tailwindcss\lib\processTailwindFeatures.js:55:50
      at async plugins (C:\Users\LENOVO\Downloads\Portfolio\node_modules\tailwindcss\lib\plugin.js:38:17)
      at async LazyResult.runAsync (C:\Users\LENOVO\Downloads\Portfolio\node_modules\postcss\lib\lazy-result.js:293:11)
      at async runPostCSS (file:///C:/Users/LENOVO/Downloads/Portfolio/node_modules/vite/dist/node/chunks/config.js:30149:19)
      at async compilePostCSS (file:///C:/Users/LENOVO/Downloads/Portfolio/node_modules/vite/dist/node/chunks/config.js:30133:6)
      at async compileCSS (file:///C:/Users/LENOVO/Downloads/Portfolio/node_modules/vite/dist/node/chunks/config.js:30063:26)
      at async TransformPluginContext.handler (file:///C:/Users/LENOVO/Downloads/Portfolio/node_modules/vite/dist/node/chunks/config.js:29596:54)
      at async EnvironmentPluginContainer.transform (file:///C:/Users/LENOVO/Downloads/Portfolio/node_modules/vite/dist/node/chunks/config.js:28801:14)
      at async loadAndTransform (file:///C:/Users/LENOVO/Downloads/Portfolio/node_modules/vite/dist/node/chunks/config.js:22670:26)
      at async viteTransformMiddleware (file:///C:/Users/LENOVO/Downloads/Portfolio/node_modules/vite/dist/node/chunks/config.js:24546:20)
[2m10:05:27 pm[22m [31m[1m[vite][22m[39m [31mInternal server error: [postcss] C:/Users/LENOVO/Downloads/Portfolio/src/styles.css:44:5: The `border-white/12` class does not exist. If `border-white/12` is a custom class, make sure it is defined within a `@layer` directive.[39m
  Plugin: [35mvite:css[39m
  File: [36mC:/Users/LENOVO/Downloads/Portfolio/src/styles.css[39m:44:4
[33m  42 |  
  43 |    .button-secondary {
  44 |      @apply inline-flex items-center justify-center gap-2 rounded-full border border-white/12 bg-white/[0.055] px-5 py...
     |      ^
  45 |    }
  46 |  [39m
      at Input.error (C:\Users\LENOVO\Downloads\Portfolio\node_modules\postcss\lib\input.js:135:16)
      at AtRule.error (C:\Users\LENOVO\Downloads\Portfolio\node_modules\postcss\lib\node.js:146:32)
      at processApply (C:\Users\LENOVO\Downloads\Portfolio\node_modules\tailwindcss\lib\lib\expandApplyAtRules.js:380:29)
      at C:\Users\LENOVO\Downloads\Portfolio\node_modules\tailwindcss\lib\lib\expandApplyAtRules.js:551:9
      at C:\Users\LENOVO\Downloads\Portfolio\node_modules\tailwindcss\lib\processTailwindFeatures.js:55:50
      at async plugins (C:\Users\LENOVO\Downloads\Portfolio\node_modules\tailwindcss\lib\plugin.js:38:17)
      at async LazyResult.runAsync (C:\Users\LENOVO\Downloads\Portfolio\node_modules\postcss\lib\lazy-result.js:293:11)
      at async runPostCSS (file:///C:/Users/LENOVO/Downloads/Portfolio/node_modules/vite/dist/node/chunks/config.js:30149:19)
      at async compilePostCSS (file:///C:/Users/LENOVO/Downloads/Portfolio/node_modules/vite/dist/node/chunks/config.js:30133:6)
      at async compileCSS (file:///C:/Users/LENOVO/Downloads/Portfolio/node_modules/vite/dist/node/chunks/config.js:30063:26)
      at async TransformPluginContext.handler (file:///C:/Users/LENOVO/Downloads/Portfolio/node_modules/vite/dist/node/chunks/config.js:29596:54)
      at async EnvironmentPluginContainer.transform (file:///C:/Users/LENOVO/Downloads/Portfolio/node_modules/vite/dist/node/chunks/config.js:28801:14)
      at async loadAndTransform (file:///C:/Users/LENOVO/Downloads/Portfolio/node_modules/vite/dist/node/chunks/config.js:22670:26)
      at async viteTransformMiddleware (file:///C:/Users/LENOVO/Downloads/Portfolio/node_modules/vite/dist/node/chunks/config.js:24546:20)
[2m10:05:27 pm[22m [31m[1m[vite][22m[39m [31mInternal server error: [postcss] C:/Users/LENOVO/Downloads/Portfolio/src/styles.css:44:5: The `border-white/12` class does not exist. If `border-white/12` is a custom class, make sure it is defined within a `@layer` directive.[39m
  Plugin: [35mvite:css[39m
  File: [36mC:/Users/LENOVO/Downloads/Portfolio/src/styles.css[39m:44:4
[33m  42 |  
  43 |    .button-secondary {
  44 |      @apply inline-flex items-center justify-center gap-2 rounded-full border border-white/12 bg-white/[0.055] px-5 py...
     |      ^
  45 |    }
  46 |  [39m
      at Input.error (C:\Users\LENOVO\Downloads\Portfolio\node_modules\postcss\lib\input.js:135:16)
      at AtRule.error (C:\Users\LENOVO\Downloads\Portfolio\node_modules\postcss\lib\node.js:146:32)
      at processApply (C:\Users\LENOVO\Downloads\Portfolio\node_modules\tailwindcss\lib\lib\expandApplyAtRules.js:380:29)
      at C:\Users\LENOVO\Downloads\Portfolio\node_modules\tailwindcss\lib\lib\expandApplyAtRules.js:551:9
      at C:\Users\LENOVO\Downloads\Portfolio\node_modules\tailwindcss\lib\processTailwindFeatures.js:55:50
      at async plugins (C:\Users\LENOVO\Downloads\Portfolio\node_modules\tailwindcss\lib\plugin.js:38:17)
      at async LazyResult.runAsync (C:\Users\LENOVO\Downloads\Portfolio\node_modules\postcss\lib\lazy-result.js:293:11)
      at async runPostCSS (file:///C:/Users/LENOVO/Downloads/Portfolio/node_modules/vite/dist/node/chunks/config.js:30149:19)
      at async compilePostCSS (file:///C:/Users/LENOVO/Downloads/Portfolio/node_modules/vite/dist/node/chunks/config.js:30133:6)
      at async compileCSS (file:///C:/Users/LENOVO/Downloads/Portfolio/node_modules/vite/dist/node/chunks/config.js:30063:26)
      at async TransformPluginContext.handler (file:///C:/Users/LENOVO/Downloads/Portfolio/node_modules/vite/dist/node/chunks/config.js:29596:54)
      at async EnvironmentPluginContainer.transform (file:///C:/Users/LENOVO/Downloads/Portfolio/node_modules/vite/dist/node/chunks/config.js:28801:14)
      at async loadAndTransform (file:///C:/Users/LENOVO/Downloads/Portfolio/node_modules/vite/dist/node/chunks/config.js:22670:26)
      at async viteTransformMiddleware (file:///C:/Users/LENOVO/Downloads/Portfolio/node_modules/vite/dist/node/chunks/config.js:24546:20)
[2m10:05:27 pm[22m [31m[1m[vite][22m[39m [31mInternal server error: [postcss] C:/Users/LENOVO/Downloads/Portfolio/src/styles.css:44:5: The `border-white/12` class does not exist. If `border-white/12` is a custom class, make sure it is defined within a `@layer` directive.[39m
  Plugin: [35mvite:css[39m
  File: [36mC:/Users/LENOVO/Downloads/Portfolio/src/styles.css[39m:44:4
[33m  42 |  
  43 |    .button-secondary {
  44 |      @apply inline-flex items-center justify-center gap-2 rounded-full border border-white/12 bg-white/[0.055] px-5 py...
     |      ^
  45 |    }
  46 |  [39m
      at Input.error (C:\Users\LENOVO\Downloads\Portfolio\node_modules\postcss\lib\input.js:135:16)
      at AtRule.error (C:\Users\LENOVO\Downloads\Portfolio\node_modules\postcss\lib\node.js:146:32)
      at processApply (C:\Users\LENOVO\Downloads\Portfolio\node_modules\tailwindcss\lib\lib\expandApplyAtRules.js:380:29)
      at C:\Users\LENOVO\Downloads\Portfolio\node_modules\tailwindcss\lib\lib\expandApplyAtRules.js:551:9
      at C:\Users\LENOVO\Downloads\Portfolio\node_modules\tailwindcss\lib\processTailwindFeatures.js:55:50
      at async plugins (C:\Users\LENOVO\Downloads\Portfolio\node_modules\tailwindcss\lib\plugin.js:38:17)
      at async LazyResult.runAsync (C:\Users\LENOVO\Downloads\Portfolio\node_modules\postcss\lib\lazy-result.js:293:11)
      at async runPostCSS (file:///C:/Users/LENOVO/Downloads/Portfolio/node_modules/vite/dist/node/chunks/config.js:30149:19)
      at async compilePostCSS (file:///C:/Users/LENOVO/Downloads/Portfolio/node_modules/vite/dist/node/chunks/config.js:30133:6)
      at async compileCSS (file:///C:/Users/LENOVO/Downloads/Portfolio/node_modules/vite/dist/node/chunks/config.js:30063:26)
      at async TransformPluginContext.handler (file:///C:/Users/LENOVO/Downloads/Portfolio/node_modules/vite/dist/node/chunks/config.js:29596:54)
      at async EnvironmentPluginContainer.transform (file:///C:/Users/LENOVO/Downloads/Portfolio/node_modules/vite/dist/node/chunks/config.js:28801:14)
      at async loadAndTransform (file:///C:/Users/LENOVO/Downloads/Portfolio/node_modules/vite/dist/node/chunks/config.js:22670:26)
      at async viteTransformMiddleware (file:///C:/Users/LENOVO/Downloads/Portfolio/node_modules/vite/dist/node/chunks/config.js:24546:20)
[2m10:05:27 pm[22m [31m[1m[vite][22m[39m [31mInternal server error: [postcss] C:/Users/LENOVO/Downloads/Portfolio/src/styles.css:44:5: The `border-white/12` class does not exist. If `border-white/12` is a custom class, make sure it is defined within a `@layer` directive.[39m
  Plugin: [35mvite:css[39m
  File: [36mC:/Users/LENOVO/Downloads/Portfolio/src/styles.css[39m:44:4
[33m  42 |  
  43 |    .button-secondary {
  44 |      @apply inline-flex items-center justify-center gap-2 rounded-full border border-white/12 bg-white/[0.055] px-5 py...
     |      ^
  45 |    }
  46 |  [39m
      at Input.error (C:\Users\LENOVO\Downloads\Portfolio\node_modules\postcss\lib\input.js:135:16)
      at AtRule.error (C:\Users\LENOVO\Downloads\Portfolio\node_modules\postcss\lib\node.js:146:32)
      at processApply (C:\Users\LENOVO\Downloads\Portfolio\node_modules\tailwindcss\lib\lib\expandApplyAtRules.js:380:29)
      at C:\Users\LENOVO\Downloads\Portfolio\node_modules\tailwindcss\lib\lib\expandApplyAtRules.js:551:9
      at C:\Users\LENOVO\Downloads\Portfolio\node_modules\tailwindcss\lib\processTailwindFeatures.js:55:50
      at async plugins (C:\Users\LENOVO\Downloads\Portfolio\node_modules\tailwindcss\lib\plugin.js:38:17)
      at async LazyResult.runAsync (C:\Users\LENOVO\Downloads\Portfolio\node_modules\postcss\lib\lazy-result.js:293:11)
      at async runPostCSS (file:///C:/Users/LENOVO/Downloads/Portfolio/node_modules/vite/dist/node/chunks/config.js:30149:19)
      at async compilePostCSS (file:///C:/Users/LENOVO/Downloads/Portfolio/node_modules/vite/dist/node/chunks/config.js:30133:6)
      at async compileCSS (file:///C:/Users/LENOVO/Downloads/Portfolio/node_modules/vite/dist/node/chunks/config.js:30063:26)
      at async TransformPluginContext.handler (file:///C:/Users/LENOVO/Downloads/Portfolio/node_modules/vite/dist/node/chunks/config.js:29596:54)
      at async EnvironmentPluginContainer.transform (file:///C:/Users/LENOVO/Downloads/Portfolio/node_modules/vite/dist/node/chunks/config.js:28801:14)
      at async loadAndTransform (file:///C:/Users/LENOVO/Downloads/Portfolio/node_modules/vite/dist/node/chunks/config.js:22670:26)
      at async viteTransformMiddleware (file:///C:/Users/LENOVO/Downloads/Portfolio/node_modules/vite/dist/node/chunks/config.js:24546:20)
[2m10:05:28 pm[22m [31m[1m[vite][22m[39m [31mInternal server error: [postcss] C:/Users/LENOVO/Downloads/Portfolio/src/styles.css:44:5: The `border-white/12` class does not exist. If `border-white/12` is a custom class, make sure it is defined within a `@layer` directive.[39m
  Plugin: [35mvite:css[39m
  File: [36mC:/Users/LENOVO/Downloads/Portfolio/src/styles.css[39m:44:4
[33m  42 |  
  43 |    .button-secondary {
  44 |      @apply inline-flex items-center justify-center gap-2 rounded-full border border-white/12 bg-white/[0.055] px-5 py...
     |      ^
  45 |    }
  46 |  [39m
      at Input.error (C:\Users\LENOVO\Downloads\Portfolio\node_modules\postcss\lib\input.js:135:16)
      at AtRule.error (C:\Users\LENOVO\Downloads\Portfolio\node_modules\postcss\lib\node.js:146:32)
      at processApply (C:\Users\LENOVO\Downloads\Portfolio\node_modules\tailwindcss\lib\lib\expandApplyAtRules.js:380:29)
      at C:\Users\LENOVO\Downloads\Portfolio\node_modules\tailwindcss\lib\lib\expandApplyAtRules.js:551:9
      at C:\Users\LENOVO\Downloads\Portfolio\node_modules\tailwindcss\lib\processTailwindFeatures.js:55:50
      at async plugins (C:\Users\LENOVO\Downloads\Portfolio\node_modules\tailwindcss\lib\plugin.js:38:17)
      at async LazyResult.runAsync (C:\Users\LENOVO\Downloads\Portfolio\node_modules\postcss\lib\lazy-result.js:293:11)
      at async runPostCSS (file:///C:/Users/LENOVO/Downloads/Portfolio/node_modules/vite/dist/node/chunks/config.js:30149:19)
      at async compilePostCSS (file:///C:/Users/LENOVO/Downloads/Portfolio/node_modules/vite/dist/node/chunks/config.js:30133:6)
      at async compileCSS (file:///C:/Users/LENOVO/Downloads/Portfolio/node_modules/vite/dist/node/chunks/config.js:30063:26)
      at async TransformPluginContext.handler (file:///C:/Users/LENOVO/Downloads/Portfolio/node_modules/vite/dist/node/chunks/config.js:29596:54)
      at async EnvironmentPluginContainer.transform (file:///C:/Users/LENOVO/Downloads/Portfolio/node_modules/vite/dist/node/chunks/config.js:28801:14)
      at async loadAndTransform (file:///C:/Users/LENOVO/Downloads/Portfolio/node_modules/vite/dist/node/chunks/config.js:22670:26)
      at async viteTransformMiddleware (file:///C:/Users/LENOVO/Downloads/Portfolio/node_modules/vite/dist/node/chunks/config.js:24546:20)
[2m10:05:28 pm[22m [31m[1m[vite][22m[39m [31mInternal server error: [postcss] C:/Users/LENOVO/Downloads/Portfolio/src/styles.css:44:5: The `border-white/12` class does not exist. If `border-white/12` is a custom class, make sure it is defined within a `@layer` directive.[39m
  Plugin: [35mvite:css[39m
  File: [36mC:/Users/LENOVO/Downloads/Portfolio/src/styles.css[39m:44:4
[33m  42 |  
  43 |    .button-secondary {
  44 |      @apply inline-flex items-center justify-center gap-2 rounded-full border border-white/12 bg-white/[0.055] px-5 py...
     |      ^
  45 |    }
  46 |  [39m
      at Input.error (C:\Users\LENOVO\Downloads\Portfolio\node_modules\postcss\lib\input.js:135:16)
      at AtRule.error (C:\Users\LENOVO\Downloads\Portfolio\node_modules\postcss\lib\node.js:146:32)
      at processApply (C:\Users\LENOVO\Downloads\Portfolio\node_modules\tailwindcss\lib\lib\expandApplyAtRules.js:380:29)
      at C:\Users\LENOVO\Downloads\Portfolio\node_modules\tailwindcss\lib\lib\expandApplyAtRules.js:551:9
      at C:\Users\LENOVO\Downloads\Portfolio\node_modules\tailwindcss\lib\processTailwindFeatures.js:55:50
      at async plugins (C:\Users\LENOVO\Downloads\Portfolio\node_modules\tailwindcss\lib\plugin.js:38:17)
      at async LazyResult.runAsync (C:\Users\LENOVO\Downloads\Portfolio\node_modules\postcss\lib\lazy-result.js:293:11)
      at async runPostCSS (file:///C:/Users/LENOVO/Downloads/Portfolio/node_modules/vite/dist/node/chunks/config.js:30149:19)
      at async compilePostCSS (file:///C:/Users/LENOVO/Downloads/Portfolio/node_modules/vite/dist/node/chunks/config.js:30133:6)
      at async compileCSS (file:///C:/Users/LENOVO/Downloads/Portfolio/node_modules/vite/dist/node/chunks/config.js:30063:26)
      at async TransformPluginContext.handler (file:///C:/Users/LENOVO/Downloads/Portfolio/node_modules/vite/dist/node/chunks/config.js:29596:54)
      at async EnvironmentPluginContainer.transform (file:///C:/Users/LENOVO/Downloads/Portfolio/node_modules/vite/dist/node/chunks/config.js:28801:14)
      at async loadAndTransform (file:///C:/Users/LENOVO/Downloads/Portfolio/node_modules/vite/dist/node/chunks/config.js:22670:26)
      at async viteTransformMiddleware (file:///C:/Users/LENOVO/Downloads/Portfolio/node_modules/vite/dist/node/chunks/config.js:24546:20)
[2m10:05:42 pm[22m [31m[1m[vite][22m[39m [31mInternal server error: [postcss] C:/Users/LENOVO/Downloads/Portfolio/src/styles.css:44:5: The `border-white/12` class does not exist. If `border-white/12` is a custom class, make sure it is defined within a `@layer` directive.[39m
  Plugin: [35mvite:css[39m
  File: [36mC:/Users/LENOVO/Downloads/Portfolio/src/styles.css[39m:44:4
[33m  42 |  
  43 |    .button-secondary {
  44 |      @apply inline-flex items-center justify-center gap-2 rounded-full border border-white/12 bg-white/[0.055] px-5 py...
     |      ^
  45 |    }
  46 |  [39m
      at Input.error (C:\Users\LENOVO\Downloads\Portfolio\node_modules\postcss\lib\input.js:135:16)
      at AtRule.error (C:\Users\LENOVO\Downloads\Portfolio\node_modules\postcss\lib\node.js:146:32)
      at processApply (C:\Users\LENOVO\Downloads\Portfolio\node_modules\tailwindcss\lib\lib\expandApplyAtRules.js:380:29)
      at C:\Users\LENOVO\Downloads\Portfolio\node_modules\tailwindcss\lib\lib\expandApplyAtRules.js:551:9
      at C:\Users\LENOVO\Downloads\Portfolio\node_modules\tailwindcss\lib\processTailwindFeatures.js:55:50
      at async plugins (C:\Users\LENOVO\Downloads\Portfolio\node_modules\tailwindcss\lib\plugin.js:38:17)
      at async LazyResult.runAsync (C:\Users\LENOVO\Downloads\Portfolio\node_modules\postcss\lib\lazy-result.js:293:11)
      at async runPostCSS (file:///C:/Users/LENOVO/Downloads/Portfolio/node_modules/vite/dist/node/chunks/config.js:30149:19)
      at async compilePostCSS (file:///C:/Users/LENOVO/Downloads/Portfolio/node_modules/vite/dist/node/chunks/config.js:30133:6)
      at async compileCSS (file:///C:/Users/LENOVO/Downloads/Portfolio/node_modules/vite/dist/node/chunks/config.js:30063:26)
      at async TransformPluginContext.handler (file:///C:/Users/LENOVO/Downloads/Portfolio/node_modules/vite/dist/node/chunks/config.js:29596:54)
      at async EnvironmentPluginContainer.transform (file:///C:/Users/LENOVO/Downloads/Portfolio/node_modules/vite/dist/node/chunks/config.js:28801:14)
      at async loadAndTransform (file:///C:/Users/LENOVO/Downloads/Portfolio/node_modules/vite/dist/node/chunks/config.js:22670:26)
      at async viteTransformMiddleware (file:///C:/Users/LENOVO/Downloads/Portfolio/node_modules/vite/dist/node/chunks/config.js:24546:20)
[2m10:05:42 pm[22m [31m[1m[vite][22m[39m [31m[2m(client)[22m[39m Pre-transform error: [postcss] C:/Users/LENOVO/Downloads/Portfolio/src/styles.css:44:5: The `border-white/12` class does not exist. If `border-white/12` is a custom class, make sure it is defined within a `@layer` directive.
  Plugin: [35mvite:css[39m
  File: [36mC:/Users/LENOVO/Downloads/Portfolio/src/styles.css[39m:44:4
[33m  42 |  
  43 |    .button-secondary {
  44 |      @apply inline-flex items-center justify-center gap-2 rounded-full border border-white/12 bg-white/[0.055] px-5 py...
     |      ^
  45 |    }
  46 |  [39m
[2m10:05:44 pm[22m [31m[1m[vite][22m[39m [31mInternal server error: [postcss] C:/Users/LENOVO/Downloads/Portfolio/src/styles.css:44:5: The `border-white/12` class does not exist. If `border-white/12` is a custom class, make sure it is defined within a `@layer` directive.[39m
  Plugin: [35mvite:css[39m
  File: [36mC:/Users/LENOVO/Downloads/Portfolio/src/styles.css[39m:44:4
[33m  42 |  
  43 |    .button-secondary {
  44 |      @apply inline-flex items-center justify-center gap-2 rounded-full border border-white/12 bg-white/[0.055] px-5 py...
     |      ^
  45 |    }
  46 |  [39m
      at Input.error (C:\Users\LENOVO\Downloads\Portfolio\node_modules\postcss\lib\input.js:135:16)
      at AtRule.error (C:\Users\LENOVO\Downloads\Portfolio\node_modules\postcss\lib\node.js:146:32)
      at processApply (C:\Users\LENOVO\Downloads\Portfolio\node_modules\tailwindcss\lib\lib\expandApplyAtRules.js:380:29)
      at C:\Users\LENOVO\Downloads\Portfolio\node_modules\tailwindcss\lib\lib\expandApplyAtRules.js:551:9
      at C:\Users\LENOVO\Downloads\Portfolio\node_modules\tailwindcss\lib\processTailwindFeatures.js:55:50
      at async plugins (C:\Users\LENOVO\Downloads\Portfolio\node_modules\tailwindcss\lib\plugin.js:38:17)
      at async LazyResult.runAsync (C:\Users\LENOVO\Downloads\Portfolio\node_modules\postcss\lib\lazy-result.js:293:11)
      at async runPostCSS (file:///C:/Users/LENOVO/Downloads/Portfolio/node_modules/vite/dist/node/chunks/config.js:30149:19)
      at async compilePostCSS (file:///C:/Users/LENOVO/Downloads/Portfolio/node_modules/vite/dist/node/chunks/config.js:30133:6)
      at async compileCSS (file:///C:/Users/LENOVO/Downloads/Portfolio/node_modules/vite/dist/node/chunks/config.js:30063:26)
      at async TransformPluginContext.handler (file:///C:/Users/LENOVO/Downloads/Portfolio/node_modules/vite/dist/node/chunks/config.js:29596:54)
      at async EnvironmentPluginContainer.transform (file:///C:/Users/LENOVO/Downloads/Portfolio/node_modules/vite/dist/node/chunks/config.js:28801:14)
      at async loadAndTransform (file:///C:/Users/LENOVO/Downloads/Portfolio/node_modules/vite/dist/node/chunks/config.js:22670:26)
      at async viteTransformMiddleware (file:///C:/Users/LENOVO/Downloads/Portfolio/node_modules/vite/dist/node/chunks/config.js:24546:20)
[2m10:05:56 pm[22m [31m[1m[vite][22m[39m [31m[2m(client)[22m[39m Pre-transform error: [postcss] C:/Users/LENOVO/Downloads/Portfolio/src/styles.css:44:5: The `border-white/12` class does not exist. If `border-white/12` is a custom class, make sure it is defined within a `@layer` directive.
  Plugin: [35mvite:css[39m
  File: [36mC:/Users/LENOVO/Downloads/Portfolio/src/styles.css[39m:44:4
[33m  42 |  
  43 |    .button-secondary {
  44 |      @apply inline-flex items-center justify-center gap-2 rounded-full border border-white/12 bg-white/[0.055] px-5 py...
     |      ^
  45 |    }
  46 |  [39m
[2m10:05:57 pm[22m [31m[1m[vite][22m[39m [31mInternal server error: [postcss] C:/Users/LENOVO/Downloads/Portfolio/src/styles.css:44:5: The `border-white/12` class does not exist. If `border-white/12` is a custom class, make sure it is defined within a `@layer` directive.[39m
  Plugin: [35mvite:css[39m
  File: [36mC:/Users/LENOVO/Downloads/Portfolio/src/styles.css[39m:44:4
[33m  42 |  
  43 |    .button-secondary {
  44 |      @apply inline-flex items-center justify-center gap-2 rounded-full border border-white/12 bg-white/[0.055] px-5 py...
     |      ^
  45 |    }
  46 |  [39m
      at Input.error (C:\Users\LENOVO\Downloads\Portfolio\node_modules\postcss\lib\input.js:135:16)
      at AtRule.error (C:\Users\LENOVO\Downloads\Portfolio\node_modules\postcss\lib\node.js:146:32)
      at processApply (C:\Users\LENOVO\Downloads\Portfolio\node_modules\tailwindcss\lib\lib\expandApplyAtRules.js:380:29)
      at C:\Users\LENOVO\Downloads\Portfolio\node_modules\tailwindcss\lib\lib\expandApplyAtRules.js:551:9
      at C:\Users\LENOVO\Downloads\Portfolio\node_modules\tailwindcss\lib\processTailwindFeatures.js:55:50
      at async plugins (C:\Users\LENOVO\Downloads\Portfolio\node_modules\tailwindcss\lib\plugin.js:38:17)
      at async LazyResult.runAsync (C:\Users\LENOVO\Downloads\Portfolio\node_modules\postcss\lib\lazy-result.js:293:11)
      at async runPostCSS (file:///C:/Users/LENOVO/Downloads/Portfolio/node_modules/vite/dist/node/chunks/config.js:30149:19)
      at async compilePostCSS (file:///C:/Users/LENOVO/Downloads/Portfolio/node_modules/vite/dist/node/chunks/config.js:30133:6)
      at async compileCSS (file:///C:/Users/LENOVO/Downloads/Portfolio/node_modules/vite/dist/node/chunks/config.js:30063:26)
      at async TransformPluginContext.handler (file:///C:/Users/LENOVO/Downloads/Portfolio/node_modules/vite/dist/node/chunks/config.js:29596:54)
      at async EnvironmentPluginContainer.transform (file:///C:/Users/LENOVO/Downloads/Portfolio/node_modules/vite/dist/node/chunks/config.js:28801:14)
      at async loadAndTransform (file:///C:/Users/LENOVO/Downloads/Portfolio/node_modules/vite/dist/node/chunks/config.js:22670:26)
      at async viteTransformMiddleware (file:///C:/Users/LENOVO/Downloads/Portfolio/node_modules/vite/dist/node/chunks/config.js:24546:20)
